[0.857s] DEBUG:colcon:Command line arguments: ['/usr/bin/colcon', 'list', '-p', '--base-paths', '/home/athira/Documents/mini_nav']
[0.864s] DEBUG:colcon:Parsed command line arguments: Namespace(log_base=None, log_level=None, verb_name='list', build_base='build', ignore_user_meta=False, metas=['./colcon.meta'], base_paths=['/home/athira/Documents/mini_nav'], packages_ignore=None, packages_ignore_regex=None, paths=None, packages_up_to=None, packages_up_to_regex=None, packages_above=None, packages_above_and_dependencies=None, packages_above_depth=None, packages_select_by_dep=None, packages_skip_by_dep=None, packages_skip_up_to=None, packages_select_build_failed=False, packages_skip_build_finished=False, packages_select_test_failures=False, packages_skip_test_passed=False, packages_select=None, packages_skip=None, packages_select_regex=None, packages_skip_regex=None, packages_start=None, packages_end=None, allow_overriding=[], topological_order=False, names_only=False, paths_only=True, topological_graph=False, topological_graph_dot=False, topological_graph_density=False, topological_graph_legend=False, topological_graph_dot_cluster=False, topological_graph_dot_include_skipped=False, verb_parser=<colcon_defaults.argument_parser.defaults.DefaultArgumentsDecorator object at 0x7d6fe4fbca00>, verb_extension=<colcon_package_information.verb.list.ListVerb object at 0x7d6fe4f31690>, main=<bound method ListVerb.main of <colcon_package_information.verb.list.ListVerb object at 0x7d6fe4f31690>>)
[1.175s] Level 1:colcon.colcon_core.package_discovery:discover_packages(colcon_meta) check parameters
[1.175s] Level 1:colcon.colcon_core.package_discovery:discover_packages(recursive) check parameters
[1.175s] Level 1:colcon.colcon_core.package_discovery:discover_packages(ignore) check parameters
[1.175s] Level 1:colcon.colcon_core.package_discovery:discover_packages(path) check parameters
[1.176s] Level 1:colcon.colcon_core.package_discovery:discover_packages(recursive) discover
[1.176s] INFO:colcon.colcon_core.package_discovery:Crawling recursively for packages in '/home/athira/Documents/mini_nav'
[1.177s] Level 1:colcon.colcon_core.package_identification:_identify(/home/athira/Documents/mini_nav) by extensions ['ignore', 'ignore_ament_install']
[1.177s] Level 1:colcon.colcon_core.package_identification:_identify(/home/athira/Documents/mini_nav) by extension 'ignore'
[1.178s] Level 1:colcon.colcon_core.package_identification:_identify(/home/athira/Documents/mini_nav) by extension 'ignore_ament_install'
[1.178s] Level 1:colcon.colcon_core.package_identification:_identify(/home/athira/Documents/mini_nav) by extensions ['colcon_pkg']
[1.178s] Level 1:colcon.colcon_core.package_identification:_identify(/home/athira/Documents/mini_nav) by extension 'colcon_pkg'
[1.178s] Level 1:colcon.colcon_core.package_identification:_identify(/home/athira/Documents/mini_nav) by extensions ['colcon_meta']
[1.178s] Level 1:colcon.colcon_core.package_identification:_identify(/home/athira/Documents/mini_nav) by extension 'colcon_meta'
[1.179s] Level 1:colcon.colcon_core.package_identification:_identify(/home/athira/Documents/mini_nav) by extensions ['ros']
[1.179s] Level 1:colcon.colcon_core.package_identification:_identify(/home/athira/Documents/mini_nav) by extension 'ros'
[1.316s] Level 1:colcon.colcon_core.package_identification:_identify(/home/athira/Documents/mini_nav) by extensions ['cmake', 'python']
[1.316s] Level 1:colcon.colcon_core.package_identification:_identify(/home/athira/Documents/mini_nav) by extension 'cmake'
[1.317s] Level 1:colcon.colcon_core.package_identification:_identify(/home/athira/Documents/mini_nav) by extension 'python'
[1.317s] Level 1:colcon.colcon_core.package_identification:_identify(/home/athira/Documents/mini_nav) by extensions ['python_setup_py']
[1.317s] Level 1:colcon.colcon_core.package_identification:_identify(/home/athira/Documents/mini_nav) by extension 'python_setup_py'
[1.320s] Level 1:colcon.colcon_core.package_identification:_identify(/home/athira/Documents/mini_nav/log) by extensions ['ignore', 'ignore_ament_install']
[1.320s] Level 1:colcon.colcon_core.package_identification:_identify(/home/athira/Documents/mini_nav/log) by extension 'ignore'
[1.321s] Level 1:colcon.colcon_core.package_identification:_identify(/home/athira/Documents/mini_nav/log) ignored
[1.325s] Level 1:colcon.colcon_core.package_identification:_identify(/home/athira/Documents/mini_nav/src) by extensions ['ignore', 'ignore_ament_install']
[1.326s] Level 1:colcon.colcon_core.package_identification:_identify(/home/athira/Documents/mini_nav/src) by extension 'ignore'
[1.326s] Level 1:colcon.colcon_core.package_identification:_identify(/home/athira/Documents/mini_nav/src) by extension 'ignore_ament_install'
[1.326s] Level 1:colcon.colcon_core.package_identification:_identify(/home/athira/Documents/mini_nav/src) by extensions ['colcon_pkg']
[1.327s] Level 1:colcon.colcon_core.package_identification:_identify(/home/athira/Documents/mini_nav/src) by extension 'colcon_pkg'
[1.327s] Level 1:colcon.colcon_core.package_identification:_identify(/home/athira/Documents/mini_nav/src) by extensions ['colcon_meta']
[1.327s] Level 1:colcon.colcon_core.package_identification:_identify(/home/athira/Documents/mini_nav/src) by extension 'colcon_meta'
[1.331s] Level 1:colcon.colcon_core.package_identification:_identify(/home/athira/Documents/mini_nav/src) by extensions ['ros']
[1.331s] Level 1:colcon.colcon_core.package_identification:_identify(/home/athira/Documents/mini_nav/src) by extension 'ros'
[1.334s] Level 1:colcon.colcon_core.package_identification:_identify(/home/athira/Documents/mini_nav/src) by extensions ['cmake', 'python']
[1.334s] Level 1:colcon.colcon_core.package_identification:_identify(/home/athira/Documents/mini_nav/src) by extension 'cmake'
[1.334s] Level 1:colcon.colcon_core.package_identification:_identify(/home/athira/Documents/mini_nav/src) by extension 'python'
[1.334s] Level 1:colcon.colcon_core.package_identification:_identify(/home/athira/Documents/mini_nav/src) by extensions ['python_setup_py']
[1.339s] Level 1:colcon.colcon_core.package_identification:_identify(/home/athira/Documents/mini_nav/src) by extension 'python_setup_py'
[1.340s] Level 1:colcon.colcon_core.package_identification:_identify(/home/athira/Documents/mini_nav/src/bot_description) by extensions ['ignore', 'ignore_ament_install']
[1.346s] Level 1:colcon.colcon_core.package_identification:_identify(/home/athira/Documents/mini_nav/src/bot_description) by extension 'ignore'
[1.346s] Level 1:colcon.colcon_core.package_identification:_identify(/home/athira/Documents/mini_nav/src/bot_description) by extension 'ignore_ament_install'
[1.346s] Level 1:colcon.colcon_core.package_identification:_identify(/home/athira/Documents/mini_nav/src/bot_description) by extensions ['colcon_pkg']
[1.346s] Level 1:colcon.colcon_core.package_identification:_identify(/home/athira/Documents/mini_nav/src/bot_description) by extension 'colcon_pkg'
[1.346s] Level 1:colcon.colcon_core.package_identification:_identify(/home/athira/Documents/mini_nav/src/bot_description) by extensions ['colcon_meta']
[1.346s] Level 1:colcon.colcon_core.package_identification:_identify(/home/athira/Documents/mini_nav/src/bot_description) by extension 'colcon_meta'
[1.347s] Level 1:colcon.colcon_core.package_identification:_identify(/home/athira/Documents/mini_nav/src/bot_description) by extensions ['ros']
[1.347s] Level 1:colcon.colcon_core.package_identification:_identify(/home/athira/Documents/mini_nav/src/bot_description) by extension 'ros'
[1.384s] DEBUG:colcon.colcon_core.package_identification:Package '/home/athira/Documents/mini_nav/src/bot_description' with type 'ros.ament_python' and name 'bot_description'
[1.384s] Level 1:colcon.colcon_core.package_discovery:discover_packages(recursive) using defaults
