[0.385s] DEBUG:colcon:Command line arguments: ['/usr/bin/colcon', 'build']
[0.385s] DEBUG:colcon:Parsed command line arguments: Namespace(log_base=None, log_level=None, verb_name='build', build_base='build', install_base='install', merge_install=False, symlink_install=False, test_result_base=None, continue_on_error=False, executor='parallel', parallel_workers=4, event_handlers=None, ignore_user_meta=False, metas=['./colcon.meta'], base_paths=['.'], packages_ignore=None, packages_ignore_regex=None, paths=None, packages_up_to=None, packages_up_to_regex=None, packages_above=None, packages_above_and_dependencies=None, packages_above_depth=None, packages_select_by_dep=None, packages_skip_by_dep=None, packages_skip_up_to=None, packages_select_build_failed=False, packages_skip_build_finished=False, packages_select_test_failures=False, packages_skip_test_passed=False, packages_select=None, packages_skip=None, packages_select_regex=None, packages_skip_regex=None, packages_start=None, packages_end=None, allow_overriding=[], cmake_args=None, cmake_target=None, cmake_target_skip_unavailable=False, cmake_clean_cache=False, cmake_clean_first=False, cmake_force_configure=False, ament_cmake_args=None, catkin_cmake_args=None, catkin_skip_building_tests=False, verb_parser=<colcon_defaults.argument_parser.defaults.DefaultArgumentsDecorator object at 0x71d6f3eac1f0>, verb_extension=<colcon_core.verb.build.BuildVerb object at 0x71d6f3e67ca0>, main=<bound method BuildVerb.main of <colcon_core.verb.build.BuildVerb object at 0x71d6f3e67ca0>>)
[0.517s] Level 1:colcon.colcon_core.package_discovery:discover_packages(colcon_meta) check parameters
[0.517s] Level 1:colcon.colcon_core.package_discovery:discover_packages(recursive) check parameters
[0.517s] Level 1:colcon.colcon_core.package_discovery:discover_packages(ignore) check parameters
[0.517s] Level 1:colcon.colcon_core.package_discovery:discover_packages(path) check parameters
[0.517s] Level 1:colcon.colcon_core.package_discovery:discover_packages(colcon_meta) discover
[0.518s] Level 1:colcon.colcon_core.package_discovery:discover_packages(recursive) discover
[0.518s] INFO:colcon.colcon_core.package_discovery:Crawling recursively for packages in '/home/athira/Documents/Small_ROS'
[0.518s] Level 1:colcon.colcon_core.package_identification:_identify(.) by extensions ['ignore', 'ignore_ament_install']
[0.518s] Level 1:colcon.colcon_core.package_identification:_identify(.) by extension 'ignore'
[0.518s] Level 1:colcon.colcon_core.package_identification:_identify(.) by extension 'ignore_ament_install'
[0.518s] Level 1:colcon.colcon_core.package_identification:_identify(.) by extensions ['colcon_pkg']
[0.519s] Level 1:colcon.colcon_core.package_identification:_identify(.) by extension 'colcon_pkg'
[0.519s] Level 1:colcon.colcon_core.package_identification:_identify(.) by extensions ['colcon_meta']
[0.519s] Level 1:colcon.colcon_core.package_identification:_identify(.) by extension 'colcon_meta'
[0.519s] Level 1:colcon.colcon_core.package_identification:_identify(.) by extensions ['ros']
[0.519s] Level 1:colcon.colcon_core.package_identification:_identify(.) by extension 'ros'
[0.543s] Level 1:colcon.colcon_core.package_identification:_identify(.) by extensions ['cmake', 'python']
[0.543s] Level 1:colcon.colcon_core.package_identification:_identify(.) by extension 'cmake'
[0.543s] Level 1:colcon.colcon_core.package_identification:_identify(.) by extension 'python'
[0.543s] Level 1:colcon.colcon_core.package_identification:_identify(.) by extensions ['python_setup_py']
[0.543s] Level 1:colcon.colcon_core.package_identification:_identify(.) by extension 'python_setup_py'
[0.544s] Level 1:colcon.colcon_core.package_identification:_identify(build) by extensions ['ignore', 'ignore_ament_install']
[0.544s] Level 1:colcon.colcon_core.package_identification:_identify(build) by extension 'ignore'
[0.544s] Level 1:colcon.colcon_core.package_identification:_identify(build) ignored
[0.544s] Level 1:colcon.colcon_core.package_identification:_identify(install) by extensions ['ignore', 'ignore_ament_install']
[0.545s] Level 1:colcon.colcon_core.package_identification:_identify(install) by extension 'ignore'
[0.545s] Level 1:colcon.colcon_core.package_identification:_identify(install) ignored
[0.545s] Level 1:colcon.colcon_core.package_identification:_identify(log) by extensions ['ignore', 'ignore_ament_install']
[0.545s] Level 1:colcon.colcon_core.package_identification:_identify(log) by extension 'ignore'
[0.545s] Level 1:colcon.colcon_core.package_identification:_identify(log) ignored
[0.545s] Level 1:colcon.colcon_core.package_identification:_identify(src) by extensions ['ignore', 'ignore_ament_install']
[0.545s] Level 1:colcon.colcon_core.package_identification:_identify(src) by extension 'ignore'
[0.545s] Level 1:colcon.colcon_core.package_identification:_identify(src) by extension 'ignore_ament_install'
[0.546s] Level 1:colcon.colcon_core.package_identification:_identify(src) by extensions ['colcon_pkg']
[0.546s] Level 1:colcon.colcon_core.package_identification:_identify(src) by extension 'colcon_pkg'
[0.546s] Level 1:colcon.colcon_core.package_identification:_identify(src) by extensions ['colcon_meta']
[0.546s] Level 1:colcon.colcon_core.package_identification:_identify(src) by extension 'colcon_meta'
[0.546s] Level 1:colcon.colcon_core.package_identification:_identify(src) by extensions ['ros']
[0.546s] Level 1:colcon.colcon_core.package_identification:_identify(src) by extension 'ros'
[0.549s] DEBUG:colcon.colcon_core.package_identification:Package 'src' with type 'ros.ament_cmake' and name 'small_ros'
[0.549s] Level 1:colcon.colcon_core.package_discovery:discover_packages(recursive) using defaults
[0.550s] Level 1:colcon.colcon_core.package_discovery:discover_packages(ignore) discover
[0.550s] Level 1:colcon.colcon_core.package_discovery:discover_packages(ignore) using defaults
[0.550s] Level 1:colcon.colcon_core.package_discovery:discover_packages(path) discover
[0.550s] Level 1:colcon.colcon_core.package_discovery:discover_packages(path) using defaults
[0.592s] Level 1:colcon.colcon_core.package_discovery:discover_packages(prefix_path) check parameters
[0.592s] Level 1:colcon.colcon_core.package_discovery:discover_packages(prefix_path) discover
[0.601s] DEBUG:colcon.colcon_installed_package_information.package_discovery:Found 1 installed packages in /home/athira/Documents/Small_ROS/install
[0.603s] DEBUG:colcon.colcon_installed_package_information.package_discovery:Found 9 installed packages in /home/athira/Documents/mini_nav/install
[0.604s] DEBUG:colcon.colcon_installed_package_information.package_discovery:Found 3 installed packages in /home/athira/saved/bldc_enc_urdf/install
[0.605s] DEBUG:colcon.colcon_installed_package_information.package_discovery:Found 12 installed packages in /home/athira/TASK1A/install
[0.606s] DEBUG:colcon.colcon_installed_package_information.package_discovery:Found 1 installed packages in /home/athira/saved/ws_lidar/install
[0.609s] DEBUG:colcon.colcon_installed_package_information.package_discovery:Found 387 installed packages in /opt/ros/humble
[0.612s] Level 1:colcon.colcon_core.package_discovery:discover_packages(prefix_path) using defaults
[0.761s] Level 5:colcon.colcon_core.verb:set package 'small_ros' build argument 'cmake_args' from command line to 'None'
[0.761s] Level 5:colcon.colcon_core.verb:set package 'small_ros' build argument 'cmake_target' from command line to 'None'
[0.761s] Level 5:colcon.colcon_core.verb:set package 'small_ros' build argument 'cmake_target_skip_unavailable' from command line to 'False'
[0.761s] Level 5:colcon.colcon_core.verb:set package 'small_ros' build argument 'cmake_clean_cache' from command line to 'False'
[0.761s] Level 5:colcon.colcon_core.verb:set package 'small_ros' build argument 'cmake_clean_first' from command line to 'False'
[0.761s] Level 5:colcon.colcon_core.verb:set package 'small_ros' build argument 'cmake_force_configure' from command line to 'False'
[0.761s] Level 5:colcon.colcon_core.verb:set package 'small_ros' build argument 'ament_cmake_args' from command line to 'None'
[0.761s] Level 5:colcon.colcon_core.verb:set package 'small_ros' build argument 'catkin_cmake_args' from command line to 'None'
[0.761s] Level 5:colcon.colcon_core.verb:set package 'small_ros' build argument 'catkin_skip_building_tests' from command line to 'False'
[0.761s] DEBUG:colcon.colcon_core.verb:Building package 'small_ros' with the following arguments: {'ament_cmake_args': None, 'build_base': '/home/athira/Documents/Small_ROS/build/small_ros', 'catkin_cmake_args': None, 'catkin_skip_building_tests': False, 'cmake_args': None, 'cmake_clean_cache': False, 'cmake_clean_first': False, 'cmake_force_configure': False, 'cmake_target': None, 'cmake_target_skip_unavailable': False, 'install_base': '/home/athira/Documents/Small_ROS/install/small_ros', 'merge_install': False, 'path': '/home/athira/Documents/Small_ROS/src', 'symlink_install': False, 'test_result_base': None}
[0.762s] INFO:colcon.colcon_core.executor:Executing jobs using 'parallel' executor
[0.763s] DEBUG:colcon.colcon_parallel_executor.executor.parallel:run_until_complete
[0.763s] INFO:colcon.colcon_ros.task.ament_cmake.build:Building ROS package in '/home/athira/Documents/Small_ROS/src' with build type 'ament_cmake'
[0.764s] INFO:colcon.colcon_cmake.task.cmake.build:Building CMake package in '/home/athira/Documents/Small_ROS/src'
[0.771s] INFO:colcon.colcon_core.plugin_system:Skipping extension 'colcon_core.shell.bat': Not used on non-Windows systems
[0.771s] INFO:colcon.colcon_core.shell:Skip shell extension 'powershell' for command environment: Not usable outside of PowerShell
[0.771s] DEBUG:colcon.colcon_core.shell:Skip shell extension 'dsv' for command environment
[0.790s] DEBUG:colcon.colcon_core.event_handler.log_command:Invoking command in '/home/athira/Documents/Small_ROS/build/small_ros': CMAKE_PREFIX_PATH=${CMAKE_PREFIX_PATH}:/home/athira/Documents/mini_nav/install/amr_description:/home/athira/saved/bldc_enc_urdf/install/mcl:/home/athira/TASK1A/install/ur5_control:/home/athira/TASK1A/install/my_py_pkg:/home/athira/TASK1A/install/aruco_detector:/opt/ros/humble /usr/bin/cmake --build /home/athira/Documents/Small_ROS/build/small_ros -- -j4 -l4
[0.849s] DEBUG:colcon.colcon_core.event_handler.log_command:Invoked command in '/home/athira/Documents/Small_ROS/build/small_ros' returned '0': CMAKE_PREFIX_PATH=${CMAKE_PREFIX_PATH}:/home/athira/Documents/mini_nav/install/amr_description:/home/athira/saved/bldc_enc_urdf/install/mcl:/home/athira/TASK1A/install/ur5_control:/home/athira/TASK1A/install/my_py_pkg:/home/athira/TASK1A/install/aruco_detector:/opt/ros/humble /usr/bin/cmake --build /home/athira/Documents/Small_ROS/build/small_ros -- -j4 -l4
[0.864s] DEBUG:colcon.colcon_core.event_handler.log_command:Invoking command in '/home/athira/Documents/Small_ROS/build/small_ros': CMAKE_PREFIX_PATH=${CMAKE_PREFIX_PATH}:/home/athira/Documents/mini_nav/install/amr_description:/home/athira/saved/bldc_enc_urdf/install/mcl:/home/athira/TASK1A/install/ur5_control:/home/athira/TASK1A/install/my_py_pkg:/home/athira/TASK1A/install/aruco_detector:/opt/ros/humble /usr/bin/cmake --install /home/athira/Documents/Small_ROS/build/small_ros
[0.888s] Level 1:colcon.colcon_core.environment:create_environment_scripts_only(small_ros)
[0.890s] DEBUG:colcon.colcon_core.event_handler.log_command:Invoked command in '/home/athira/Documents/Small_ROS/build/small_ros' returned '0': CMAKE_PREFIX_PATH=${CMAKE_PREFIX_PATH}:/home/athira/Documents/mini_nav/install/amr_description:/home/athira/saved/bldc_enc_urdf/install/mcl:/home/athira/TASK1A/install/ur5_control:/home/athira/TASK1A/install/my_py_pkg:/home/athira/TASK1A/install/aruco_detector:/opt/ros/humble /usr/bin/cmake --install /home/athira/Documents/Small_ROS/build/small_ros
[0.963s] Level 1:colcon.colcon_core.environment:checking '/home/athira/Documents/Small_ROS/install/small_ros' for CMake module files
[0.965s] Level 1:colcon.colcon_core.environment:checking '/home/athira/Documents/Small_ROS/install/small_ros' for CMake config files
[0.969s] Level 1:colcon.colcon_core.shell:create_environment_hook('small_ros', 'cmake_prefix_path')
[0.970s] INFO:colcon.colcon_core.shell:Creating environment hook '/home/athira/Documents/Small_ROS/install/small_ros/share/small_ros/hook/cmake_prefix_path.ps1'
[0.993s] INFO:colcon.colcon_core.shell:Creating environment descriptor '/home/athira/Documents/Small_ROS/install/small_ros/share/small_ros/hook/cmake_prefix_path.dsv'
[0.995s] INFO:colcon.colcon_core.shell:Creating environment hook '/home/athira/Documents/Small_ROS/install/small_ros/share/small_ros/hook/cmake_prefix_path.sh'
[0.997s] Level 1:colcon.colcon_core.environment:checking '/home/athira/Documents/Small_ROS/install/small_ros/bin'
[0.997s] Level 1:colcon.colcon_core.environment:checking '/home/athira/Documents/Small_ROS/install/small_ros/lib/pkgconfig/small_ros.pc'
[0.998s] Level 1:colcon.colcon_core.environment:checking '/home/athira/Documents/Small_ROS/install/small_ros/lib/python3.10/site-packages'
[0.999s] Level 1:colcon.colcon_core.environment:checking '/home/athira/Documents/Small_ROS/install/small_ros/bin'
[1.000s] INFO:colcon.colcon_core.shell:Creating package script '/home/athira/Documents/Small_ROS/install/small_ros/share/small_ros/package.ps1'
[1.002s] INFO:colcon.colcon_core.shell:Creating package descriptor '/home/athira/Documents/Small_ROS/install/small_ros/share/small_ros/package.dsv'
[1.003s] INFO:colcon.colcon_core.shell:Creating package script '/home/athira/Documents/Small_ROS/install/small_ros/share/small_ros/package.sh'
[1.005s] INFO:colcon.colcon_core.shell:Creating package script '/home/athira/Documents/Small_ROS/install/small_ros/share/small_ros/package.bash'
[1.007s] INFO:colcon.colcon_core.shell:Creating package script '/home/athira/Documents/Small_ROS/install/small_ros/share/small_ros/package.zsh'
[1.009s] Level 1:colcon.colcon_core.environment:create_file_with_runtime_dependencies(/home/athira/Documents/Small_ROS/install/small_ros/share/colcon-core/packages/small_ros)
[1.010s] Level 1:colcon.colcon_core.environment:create_environment_scripts_only(small_ros)
[1.011s] Level 1:colcon.colcon_core.environment:checking '/home/athira/Documents/Small_ROS/install/small_ros' for CMake module files
[1.012s] Level 1:colcon.colcon_core.environment:checking '/home/athira/Documents/Small_ROS/install/small_ros' for CMake config files
[1.013s] Level 1:colcon.colcon_core.shell:create_environment_hook('small_ros', 'cmake_prefix_path')
[1.014s] INFO:colcon.colcon_core.shell:Creating environment hook '/home/athira/Documents/Small_ROS/install/small_ros/share/small_ros/hook/cmake_prefix_path.ps1'
[1.015s] INFO:colcon.colcon_core.shell:Creating environment descriptor '/home/athira/Documents/Small_ROS/install/small_ros/share/small_ros/hook/cmake_prefix_path.dsv'
[1.016s] INFO:colcon.colcon_core.shell:Creating environment hook '/home/athira/Documents/Small_ROS/install/small_ros/share/small_ros/hook/cmake_prefix_path.sh'
[1.017s] Level 1:colcon.colcon_core.environment:checking '/home/athira/Documents/Small_ROS/install/small_ros/bin'
[1.017s] Level 1:colcon.colcon_core.environment:checking '/home/athira/Documents/Small_ROS/install/small_ros/lib/pkgconfig/small_ros.pc'
[1.018s] Level 1:colcon.colcon_core.environment:checking '/home/athira/Documents/Small_ROS/install/small_ros/lib/python3.10/site-packages'
[1.019s] Level 1:colcon.colcon_core.environment:checking '/home/athira/Documents/Small_ROS/install/small_ros/bin'
[1.020s] INFO:colcon.colcon_core.shell:Creating package script '/home/athira/Documents/Small_ROS/install/small_ros/share/small_ros/package.ps1'
[1.021s] INFO:colcon.colcon_core.shell:Creating package descriptor '/home/athira/Documents/Small_ROS/install/small_ros/share/small_ros/package.dsv'
[1.022s] INFO:colcon.colcon_core.shell:Creating package script '/home/athira/Documents/Small_ROS/install/small_ros/share/small_ros/package.sh'
[1.023s] INFO:colcon.colcon_core.shell:Creating package script '/home/athira/Documents/Small_ROS/install/small_ros/share/small_ros/package.bash'
[1.024s] INFO:colcon.colcon_core.shell:Creating package script '/home/athira/Documents/Small_ROS/install/small_ros/share/small_ros/package.zsh'
[1.025s] Level 1:colcon.colcon_core.environment:create_file_with_runtime_dependencies(/home/athira/Documents/Small_ROS/install/small_ros/share/colcon-core/packages/small_ros)
[1.026s] DEBUG:colcon.colcon_parallel_executor.executor.parallel:closing loop
[1.026s] DEBUG:colcon.colcon_parallel_executor.executor.parallel:loop closed
[1.026s] DEBUG:colcon.colcon_parallel_executor.executor.parallel:run_until_complete finished with '0'
[1.026s] DEBUG:colcon.colcon_core.event_reactor:joining thread
[1.063s] INFO:colcon.colcon_core.plugin_system:Skipping extension 'colcon_notification.desktop_notification.terminal_notifier': Not used on non-Darwin systems
[1.063s] INFO:colcon.colcon_core.plugin_system:Skipping extension 'colcon_notification.desktop_notification.win32': Not used on non-Windows systems
[1.063s] INFO:colcon.colcon_notification.desktop_notification:Sending desktop notification using 'notify2'
[1.088s] DEBUG:colcon.colcon_core.event_reactor:joined thread
[1.089s] INFO:colcon.colcon_core.shell:Creating prefix script '/home/athira/Documents/Small_ROS/install/local_setup.ps1'
[1.093s] INFO:colcon.colcon_core.shell:Creating prefix util module '/home/athira/Documents/Small_ROS/install/_local_setup_util_ps1.py'
[1.098s] INFO:colcon.colcon_core.shell:Creating prefix chain script '/home/athira/Documents/Small_ROS/install/setup.ps1'
[1.104s] INFO:colcon.colcon_core.shell:Creating prefix script '/home/athira/Documents/Small_ROS/install/local_setup.sh'
[1.107s] INFO:colcon.colcon_core.shell:Creating prefix util module '/home/athira/Documents/Small_ROS/install/_local_setup_util_sh.py'
[1.108s] INFO:colcon.colcon_core.shell:Creating prefix chain script '/home/athira/Documents/Small_ROS/install/setup.sh'
[1.116s] INFO:colcon.colcon_core.shell:Creating prefix script '/home/athira/Documents/Small_ROS/install/local_setup.bash'
[1.118s] INFO:colcon.colcon_core.shell:Creating prefix chain script '/home/athira/Documents/Small_ROS/install/setup.bash'
[1.124s] INFO:colcon.colcon_core.shell:Creating prefix script '/home/athira/Documents/Small_ROS/install/local_setup.zsh'
[1.128s] INFO:colcon.colcon_core.shell:Creating prefix chain script '/home/athira/Documents/Small_ROS/install/setup.zsh'
