[1.541s] Invoking command in '/home/athira/Documents/mini_nav/src/amr_description': PYTHONPATH=/home/athira/Documents/mini_nav/build/amr_description/prefix_override:/usr/lib/python3/dist-packages/colcon_core/task/python/colcon_distutils_commands:/home/athira/Documents/mini_nav/install/amr_description/lib/python3.10/site-packages:${PYTHONPATH} /usr/bin/python3 -W ignore:setup.py install is deprecated -W ignore:easy_install command is deprecated setup.py egg_info --egg-base ../../build/amr_description build --build-base /home/athira/Documents/mini_nav/build/amr_description/build install --record /home/athira/Documents/mini_nav/build/amr_description/install.log --single-version-externally-managed install_data
[1.803s] /home/athira/.local/lib/python3.10/site-packages/setuptools/_distutils/dist.py:289: UserWarning: Unknown distribution option: 'tests_require'
[1.804s]   warnings.warn(msg)
[2.073s] running egg_info
[2.103s] creating ../../build/amr_description/amr_description.egg-info
[2.103s] writing ../../build/amr_description/amr_description.egg-info/PKG-INFO
[2.104s] writing dependency_links to ../../build/amr_description/amr_description.egg-info/dependency_links.txt
[2.104s] writing requirements to ../../build/amr_description/amr_description.egg-info/requires.txt
[2.104s] writing top-level names to ../../build/amr_description/amr_description.egg-info/top_level.txt
[2.104s] writing manifest file '../../build/amr_description/amr_description.egg-info/SOURCES.txt'
[2.266s] [2;36m[08/26/25 15:48:09][0m[2;36m [0m[1;31mERROR   [0m listing git files failed - pretending     ]8;id=754616;file:///home/athira/.local/lib/python3.10/site-packages/setuptools_scm/_file_finders/git.py\[2mgit.py[0m]8;;\[2m:[0m]8;id=394990;file:///home/athira/.local/lib/python3.10/site-packages/setuptools_scm/_file_finders/git.py#26\[2m26[0m]8;;\
[2.266s] [2;36m                    [0m         there aren't any                          [2m         [0m
[2.268s] reading manifest file '../../build/amr_description/amr_description.egg-info/SOURCES.txt'
[2.270s] writing manifest file '../../build/amr_description/amr_description.egg-info/SOURCES.txt'
[2.270s] running build
[2.270s] running build_py
[2.270s] creating /home/athira/Documents/mini_nav/build/amr_description/build/lib/amr_description
[2.271s] copying amr_description/__init__.py -> /home/athira/Documents/mini_nav/build/amr_description/build/lib/amr_description
[2.271s] copying amr_description/controller.py -> /home/athira/Documents/mini_nav/build/amr_description/build/lib/amr_description
[2.272s] running install
[2.277s] running install_lib
[2.309s] creating /home/athira/Documents/mini_nav/install/amr_description/lib/python3.10/site-packages/amr_description
[2.309s] copying /home/athira/Documents/mini_nav/build/amr_description/build/lib/amr_description/__init__.py -> /home/athira/Documents/mini_nav/install/amr_description/lib/python3.10/site-packages/amr_description
[2.310s] copying /home/athira/Documents/mini_nav/build/amr_description/build/lib/amr_description/controller.py -> /home/athira/Documents/mini_nav/install/amr_description/lib/python3.10/site-packages/amr_description
[2.312s] byte-compiling /home/athira/Documents/mini_nav/install/amr_description/lib/python3.10/site-packages/amr_description/__init__.py to __init__.cpython-310.pyc
[2.312s] byte-compiling /home/athira/Documents/mini_nav/install/amr_description/lib/python3.10/site-packages/amr_description/controller.py to controller.cpython-310.pyc
[2.313s] running install_data
[2.314s] creating /home/athira/Documents/mini_nav/install/amr_description/share/ament_index/resource_index/packages
[2.314s] copying resource/amr_description -> /home/athira/Documents/mini_nav/install/amr_description/share/ament_index/resource_index/packages
[2.315s] copying package.xml -> /home/athira/Documents/mini_nav/install/amr_description/share/amr_description
[2.315s] running install_egg_info
[2.353s] Copying ../../build/amr_description/amr_description.egg-info to /home/athira/Documents/mini_nav/install/amr_description/lib/python3.10/site-packages/amr_description-0.0.0-py3.10.egg-info
[2.354s] running install_scripts
[2.430s] writing list of installed files to '/home/athira/Documents/mini_nav/build/amr_description/install.log'
[2.499s] Invoked command in '/home/athira/Documents/mini_nav/src/amr_description' returned '0': PYTHONPATH=/home/athira/Documents/mini_nav/build/amr_description/prefix_override:/usr/lib/python3/dist-packages/colcon_core/task/python/colcon_distutils_commands:/home/athira/Documents/mini_nav/install/amr_description/lib/python3.10/site-packages:${PYTHONPATH} /usr/bin/python3 -W ignore:setup.py install is deprecated -W ignore:easy_install command is deprecated setup.py egg_info --egg-base ../../build/amr_description build --build-base /home/athira/Documents/mini_nav/build/amr_description/build install --record /home/athira/Documents/mini_nav/build/amr_description/install.log --single-version-externally-managed install_data
