[1.358s] Invoking command in '/home/athira/Documents/mini_nav/src/amr_description': PYTHONPATH=/home/athira/Documents/mini_nav/build/amr_description/prefix_override:/usr/lib/python3/dist-packages/colcon_core/task/python/colcon_distutils_commands:/home/athira/Documents/mini_nav/install/amr_description/lib/python3.10/site-packages:${PYTHONPATH} /usr/bin/python3 -W ignore:setup.py install is deprecated -W ignore:easy_install command is deprecated setup.py egg_info --egg-base ../../build/amr_description build --build-base /home/athira/Documents/mini_nav/build/amr_description/build install --record /home/athira/Documents/mini_nav/build/amr_description/install.log --single-version-externally-managed install_data
[1.882s] running egg_info
[1.912s] writing ../../build/amr_description/amr_description.egg-info/PKG-INFO
[1.913s] writing dependency_links to ../../build/amr_description/amr_description.egg-info/dependency_links.txt
[1.914s] writing entry points to ../../build/amr_description/amr_description.egg-info/entry_points.txt
[1.914s] writing requirements to ../../build/amr_description/amr_description.egg-info/requires.txt
[1.915s] writing top-level names to ../../build/amr_description/amr_description.egg-info/top_level.txt
[2.059s] [2;36m[08/26/25 16:02:49][0m[2;36m [0m[1;31mERROR   [0m listing git files failed - pretending     ]8;id=977438;file:///home/athira/.local/lib/python3.10/site-packages/setuptools_scm/_file_finders/git.py\[2mgit.py[0m]8;;\[2m:[0m]8;id=268377;file:///home/athira/.local/lib/python3.10/site-packages/setuptools_scm/_file_finders/git.py#26\[2m26[0m]8;;\
[2.060s] [2;36m                    [0m         there aren't any                          [2m         [0m
[2.062s] reading manifest file '../../build/amr_description/amr_description.egg-info/SOURCES.txt'
[2.066s] writing manifest file '../../build/amr_description/amr_description.egg-info/SOURCES.txt'
[2.066s] running build
[2.066s] running build_py
[2.067s] copying amr_description/__init__.py -> /home/athira/Documents/mini_nav/build/amr_description/build/lib/amr_description
[2.067s] copying amr_description/controller.py -> /home/athira/Documents/mini_nav/build/amr_description/build/lib/amr_description
[2.068s] running install
[2.076s] running install_lib
[2.111s] running install_data
[2.111s] copying resource/amr_description -> /home/athira/Documents/mini_nav/install/amr_description/share/ament_index/resource_index/packages
[2.112s] copying package.xml -> /home/athira/Documents/mini_nav/install/amr_description/share/amr_description
[2.112s] copying launch/gazebo.launch.py -> /home/athira/Documents/mini_nav/install/amr_description/share/amr_description/launch
[2.113s] copying urdf/materials.xacro -> /home/athira/Documents/mini_nav/install/amr_description/share/amr_description/urdf
[2.113s] copying urdf/amr.xacro.urdf -> /home/athira/Documents/mini_nav/install/amr_description/share/amr_description/urdf
[2.114s] copying urdf/amr.trans -> /home/athira/Documents/mini_nav/install/amr_description/share/amr_description/urdf
[2.114s] copying urdf/macros.xacro -> /home/athira/Documents/mini_nav/install/amr_description/share/amr_description/urdf
[2.115s] copying urdf/amr.gazebo -> /home/athira/Documents/mini_nav/install/amr_description/share/amr_description/urdf
[2.115s] copying urdf/amr.xacro -> /home/athira/Documents/mini_nav/install/amr_description/share/amr_description/urdf
[2.116s] copying meshes/assembly_2_1.stl -> /home/athira/Documents/mini_nav/install/amr_description/share/amr_description/meshes
[2.118s] copying meshes/wheel_4_1.stl -> /home/athira/Documents/mini_nav/install/amr_description/share/amr_description/meshes
[2.119s] copying meshes/base_link.stl -> /home/athira/Documents/mini_nav/install/amr_description/share/amr_description/meshes
[2.121s] copying meshes/wheel_2_1.stl -> /home/athira/Documents/mini_nav/install/amr_description/share/amr_description/meshes
[2.122s] copying meshes/wheel_1_1.stl -> /home/athira/Documents/mini_nav/install/amr_description/share/amr_description/meshes
[2.123s] copying meshes/wheel_3_1.stl -> /home/athira/Documents/mini_nav/install/amr_description/share/amr_description/meshes
[2.124s] copying meshes/lidar_1.stl -> /home/athira/Documents/mini_nav/install/amr_description/share/amr_description/meshes
[2.125s] copying meshes/assembly_3_1.stl -> /home/athira/Documents/mini_nav/install/amr_description/share/amr_description/meshes
[2.127s] copying meshes/assembly_1_1.stl -> /home/athira/Documents/mini_nav/install/amr_description/share/amr_description/meshes
[2.129s] copying meshes/assembly_4_1.stl -> /home/athira/Documents/mini_nav/install/amr_description/share/amr_description/meshes
[2.131s] copying config/controller.yaml -> /home/athira/Documents/mini_nav/install/amr_description/share/amr_description/config
[2.131s] running install_egg_info
[2.164s] removing '/home/athira/Documents/mini_nav/install/amr_description/lib/python3.10/site-packages/amr_description-0.0.0-py3.10.egg-info' (and everything under it)
[2.164s] Copying ../../build/amr_description/amr_description.egg-info to /home/athira/Documents/mini_nav/install/amr_description/lib/python3.10/site-packages/amr_description-0.0.0-py3.10.egg-info
[2.167s] running install_scripts
[2.244s] Installing controller script to /home/athira/Documents/mini_nav/install/amr_description/lib/amr_description
[2.245s] writing list of installed files to '/home/athira/Documents/mini_nav/build/amr_description/install.log'
[2.317s] Invoked command in '/home/athira/Documents/mini_nav/src/amr_description' returned '0': PYTHONPATH=/home/athira/Documents/mini_nav/build/amr_description/prefix_override:/usr/lib/python3/dist-packages/colcon_core/task/python/colcon_distutils_commands:/home/athira/Documents/mini_nav/install/amr_description/lib/python3.10/site-packages:${PYTHONPATH} /usr/bin/python3 -W ignore:setup.py install is deprecated -W ignore:easy_install command is deprecated setup.py egg_info --egg-base ../../build/amr_description build --build-base /home/athira/Documents/mini_nav/build/amr_description/build install --record /home/athira/Documents/mini_nav/build/amr_description/install.log --single-version-externally-managed install_data
