running egg_info
writing ../../build/amr_description/amr_description.egg-info/PKG-INFO
writing dependency_links to ../../build/amr_description/amr_description.egg-info/dependency_links.txt
writing entry points to ../../build/amr_description/amr_description.egg-info/entry_points.txt
writing requirements to ../../build/amr_description/amr_description.egg-info/requires.txt
writing top-level names to ../../build/amr_description/amr_description.egg-info/top_level.txt
adding license file 'LICENSE'
writing manifest file '../../build/amr_description/amr_description.egg-info/SOURCES.txt'
running build
running build_py
copying amr_description/driver.py -> /home/athira/Documents/ros2_ws/build/amr_description/build/lib/amr_description
copying amr_description/odom_pub.py -> /home/athira/Documents/ros2_ws/build/amr_description/build/lib/amr_description
copying amr_description/__init__.py -> /home/athira/Documents/ros2_ws/build/amr_description/build/lib/amr_description
copying amr_description/sensed_object.py -> /home/athira/Documents/ros2_ws/build/amr_description/build/lib/amr_description
copying amr_description/destination.py -> /home/athira/Documents/ros2_ws/build/amr_description/build/lib/amr_description
copying amr_description/controller.py -> /home/athira/Documents/ros2_ws/build/amr_description/build/lib/amr_description
running install
running install_lib
running install_data
copying resource/amr_description -> /home/athira/Documents/ros2_ws/install/amr_description/share/ament_index/resource_index/packages
copying package.xml -> /home/athira/Documents/ros2_ws/install/amr_description/share/amr_description
copying launch/joy.launch.py -> /home/athira/Documents/ros2_ws/install/amr_description/share/amr_description/launch
copying launch/display.launch.py -> /home/athira/Documents/ros2_ws/install/amr_description/share/amr_description/launch
copying launch/gazebo.launch.py -> /home/athira/Documents/ros2_ws/install/amr_description/share/amr_description/launch
copying urdf/materials.xacro -> /home/athira/Documents/ros2_ws/install/amr_description/share/amr_description/urdf
copying urdf/amr.xacro.urdf -> /home/athira/Documents/ros2_ws/install/amr_description/share/amr_description/urdf
copying urdf/amr.trans -> /home/athira/Documents/ros2_ws/install/amr_description/share/amr_description/urdf
copying urdf/macros.xacro -> /home/athira/Documents/ros2_ws/install/amr_description/share/amr_description/urdf
copying urdf/amr.gazebo -> /home/athira/Documents/ros2_ws/install/amr_description/share/amr_description/urdf
copying urdf/amr.xacro -> /home/athira/Documents/ros2_ws/install/amr_description/share/amr_description/urdf
copying meshes/assembly_2_1.stl -> /home/athira/Documents/ros2_ws/install/amr_description/share/amr_description/meshes
copying meshes/wheel_4_1.stl -> /home/athira/Documents/ros2_ws/install/amr_description/share/amr_description/meshes
copying meshes/base_link.stl -> /home/athira/Documents/ros2_ws/install/amr_description/share/amr_description/meshes
copying meshes/wheel_2_1.stl -> /home/athira/Documents/ros2_ws/install/amr_description/share/amr_description/meshes
copying meshes/wheel_1_1.stl -> /home/athira/Documents/ros2_ws/install/amr_description/share/amr_description/meshes
copying meshes/wheel_3_1.stl -> /home/athira/Documents/ros2_ws/install/amr_description/share/amr_description/meshes
copying meshes/lidar_1.stl -> /home/athira/Documents/ros2_ws/install/amr_description/share/amr_description/meshes
copying meshes/assembly_3_1.stl -> /home/athira/Documents/ros2_ws/install/amr_description/share/amr_description/meshes
copying meshes/assembly_1_1.stl -> /home/athira/Documents/ros2_ws/install/amr_description/share/amr_description/meshes
copying meshes/assembly_4_1.stl -> /home/athira/Documents/ros2_ws/install/amr_description/share/amr_description/meshes
copying config/joystick.yaml -> /home/athira/Documents/ros2_ws/install/amr_description/share/amr_description/config
copying config/controller.yaml -> /home/athira/Documents/ros2_ws/install/amr_description/share/amr_description/config
running install_egg_info
removing '/home/athira/Documents/ros2_ws/install/amr_description/lib/python3.10/site-packages/amr_description-0.0.0-py3.10.egg-info' (and everything under it)
Copying ../../build/amr_description/amr_description.egg-info to /home/athira/Documents/ros2_ws/install/amr_description/lib/python3.10/site-packages/amr_description-0.0.0-py3.10.egg-info
running install_scripts
Installing controller script to /home/athira/Documents/ros2_ws/install/amr_description/lib/amr_description
writing list of installed files to '/home/athira/Documents/ros2_ws/build/amr_description/install.log'
