[0.029s] Invoking command in '/home/athira/Documents/Small_ROS/build/small_ros': CMAKE_PREFIX_PATH=${CMAKE_PREFIX_PATH}:/home/athira/Documents/mini_nav/install/rplidar_ros:/home/athira/Documents/mini_nav/install/amr_description:/home/athira/saved/bldc_enc_urdf/install/mcl:/home/athira/TASK1A/install/ur5_control:/home/athira/TASK1A/install/my_py_pkg:/home/athira/TASK1A/install/aruco_detector:/opt/ros/humble /usr/bin/cmake --build /home/athira/Documents/Small_ROS/build/small_ros -- -j4 -l4
[0.121s] -- Found ament_cmake: 1.3.12 (/opt/ros/humble/share/ament_cmake/cmake)
[0.420s] -- Found rclpy: 3.3.17 (/opt/ros/humble/share/rclpy/cmake)
[0.437s] -- Found sensor_msgs: 4.9.0 (/opt/ros/humble/share/sensor_msgs/cmake)
[0.574s] -- Found rosidl_generator_c: 3.1.7 (/opt/ros/humble/share/rosidl_generator_c/cmake)
[0.591s] -- Found rosidl_adapter: 3.1.7 (/opt/ros/humble/share/rosidl_adapter/cmake)
[0.617s] -- Found rosidl_generator_cpp: 3.1.7 (/opt/ros/humble/share/rosidl_generator_cpp/cmake)
[0.657s] -- Using all available rosidl_typesupport_c: rosidl_typesupport_fastrtps_c;rosidl_typesupport_introspection_c
[0.702s] -- Using all available rosidl_typesupport_cpp: rosidl_typesupport_fastrtps_cpp;rosidl_typesupport_introspection_cpp
[0.860s] -- Found nav_msgs: 4.9.0 (/opt/ros/humble/share/nav_msgs/cmake)
[1.010s] -- Configuring done
[1.021s] -- Generating done
[1.024s] -- Build files have been written to: /home/athira/Documents/Small_ROS/build/small_ros
[1.063s] Invoked command in '/home/athira/Documents/Small_ROS/build/small_ros' returned '0': CMAKE_PREFIX_PATH=${CMAKE_PREFIX_PATH}:/home/athira/Documents/mini_nav/install/rplidar_ros:/home/athira/Documents/mini_nav/install/amr_description:/home/athira/saved/bldc_enc_urdf/install/mcl:/home/athira/TASK1A/install/ur5_control:/home/athira/TASK1A/install/my_py_pkg:/home/athira/TASK1A/install/aruco_detector:/opt/ros/humble /usr/bin/cmake --build /home/athira/Documents/Small_ROS/build/small_ros -- -j4 -l4
[1.078s] Invoking command in '/home/athira/Documents/Small_ROS/build/small_ros': CMAKE_PREFIX_PATH=${CMAKE_PREFIX_PATH}:/home/athira/Documents/mini_nav/install/rplidar_ros:/home/athira/Documents/mini_nav/install/amr_description:/home/athira/saved/bldc_enc_urdf/install/mcl:/home/athira/TASK1A/install/ur5_control:/home/athira/TASK1A/install/my_py_pkg:/home/athira/TASK1A/install/aruco_detector:/opt/ros/humble /usr/bin/cmake --install /home/athira/Documents/Small_ROS/build/small_ros
[1.087s] -- Install configuration: ""
[1.087s] -- Installing: /home/athira/Documents/Small_ROS/install/small_ros/lib/small_ros/odom_raw.py
[1.087s] -- Up-to-date: /home/athira/Documents/Small_ROS/install/small_ros/share/small_ros//config
[1.088s] -- Up-to-date: /home/athira/Documents/Small_ROS/install/small_ros/share/small_ros//config/test_diff_drive_controller.yaml
[1.088s] -- Up-to-date: /home/athira/Documents/Small_ROS/install/small_ros/share/small_ros//config/joint_names_Small ROS.yaml
[1.089s] -- Up-to-date: /home/athira/Documents/Small_ROS/install/small_ros/share/small_ros//config/controller.yaml
[1.089s] -- Up-to-date: /home/athira/Documents/Small_ROS/install/small_ros/share/small_ros//launch
[1.089s] -- Up-to-date: /home/athira/Documents/Small_ROS/install/small_ros/share/small_ros//launch/display.launch.py
[1.089s] -- Up-to-date: /home/athira/Documents/Small_ROS/install/small_ros/share/small_ros//launch/gazebo.launch.py
[1.089s] -- Up-to-date: /home/athira/Documents/Small_ROS/install/small_ros/share/small_ros//meshes
[1.089s] -- Up-to-date: /home/athira/Documents/Small_ROS/install/small_ros/share/small_ros//meshes/base_link.STL
[1.090s] -- Up-to-date: /home/athira/Documents/Small_ROS/install/small_ros/share/small_ros//meshes/Left_BK_Wheel.STL
[1.090s] -- Up-to-date: /home/athira/Documents/Small_ROS/install/small_ros/share/small_ros//meshes/Right_BK_Wheel.STL
[1.090s] -- Up-to-date: /home/athira/Documents/Small_ROS/install/small_ros/share/small_ros//meshes/Left_FR_Wheel.STL
[1.091s] -- Up-to-date: /home/athira/Documents/Small_ROS/install/small_ros/share/small_ros//meshes/Right_FR_Wheel.STL
[1.091s] -- Up-to-date: /home/athira/Documents/Small_ROS/install/small_ros/share/small_ros//urdf
[1.091s] -- Up-to-date: /home/athira/Documents/Small_ROS/install/small_ros/share/small_ros//urdf/Small_ROS.urdf.xacro
[1.091s] -- Up-to-date: /home/athira/Documents/Small_ROS/install/small_ros/share/small_ros//urdf/Small_ROS1.urdf
[1.091s] -- Up-to-date: /home/athira/Documents/Small_ROS/install/small_ros/share/small_ros//urdf/Small_ROS.urdf
[1.092s] -- Up-to-date: /home/athira/Documents/Small_ROS/install/small_ros/share/small_ros//urdf/Small ROS.csv
[1.092s] -- Up-to-date: /home/athira/Documents/Small_ROS/install/small_ros/share/ament_index/resource_index/package_run_dependencies/small_ros
[1.092s] -- Installing: /home/athira/Documents/Small_ROS/install/small_ros/share/ament_index/resource_index/parent_prefix_path/small_ros
[1.092s] -- Up-to-date: /home/athira/Documents/Small_ROS/install/small_ros/share/small_ros/environment/ament_prefix_path.sh
[1.092s] -- Installing: /home/athira/Documents/Small_ROS/install/small_ros/share/small_ros/environment/ament_prefix_path.dsv
[1.092s] -- Up-to-date: /home/athira/Documents/Small_ROS/install/small_ros/share/small_ros/environment/path.sh
[1.092s] -- Installing: /home/athira/Documents/Small_ROS/install/small_ros/share/small_ros/environment/path.dsv
[1.093s] -- Up-to-date: /home/athira/Documents/Small_ROS/install/small_ros/share/small_ros/local_setup.bash
[1.093s] -- Up-to-date: /home/athira/Documents/Small_ROS/install/small_ros/share/small_ros/local_setup.sh
[1.093s] -- Up-to-date: /home/athira/Documents/Small_ROS/install/small_ros/share/small_ros/local_setup.zsh
[1.093s] -- Installing: /home/athira/Documents/Small_ROS/install/small_ros/share/small_ros/local_setup.dsv
[1.093s] -- Installing: /home/athira/Documents/Small_ROS/install/small_ros/share/small_ros/package.dsv
[1.093s] -- Up-to-date: /home/athira/Documents/Small_ROS/install/small_ros/share/ament_index/resource_index/packages/small_ros
[1.093s] -- Up-to-date: /home/athira/Documents/Small_ROS/install/small_ros/share/small_ros/cmake/small_rosConfig.cmake
[1.094s] -- Up-to-date: /home/athira/Documents/Small_ROS/install/small_ros/share/small_ros/cmake/small_rosConfig-version.cmake
[1.094s] -- Up-to-date: /home/athira/Documents/Small_ROS/install/small_ros/share/small_ros/package.xml
[1.095s] Invoked command in '/home/athira/Documents/Small_ROS/build/small_ros' returned '0': CMAKE_PREFIX_PATH=${CMAKE_PREFIX_PATH}:/home/athira/Documents/mini_nav/install/rplidar_ros:/home/athira/Documents/mini_nav/install/amr_description:/home/athira/saved/bldc_enc_urdf/install/mcl:/home/athira/TASK1A/install/ur5_control:/home/athira/TASK1A/install/my_py_pkg:/home/athira/TASK1A/install/aruco_detector:/opt/ros/humble /usr/bin/cmake --install /home/athira/Documents/Small_ROS/build/small_ros
