-- Install configuration: ""
-- Up-to-date: /home/athira/Documents/Small_ROS/install/small_ros/lib/small_ros/odom_raw.py
-- Up-to-date: /home/athira/Documents/Small_ROS/install/small_ros/share/small_ros//config
-- Up-to-date: /home/athira/Documents/Small_ROS/install/small_ros/share/small_ros//config/test_diff_drive_controller.yaml
-- Up-to-date: /home/athira/Documents/Small_ROS/install/small_ros/share/small_ros//config/joint_names_Small ROS.yaml
-- Up-to-date: /home/athira/Documents/Small_ROS/install/small_ros/share/small_ros//config/controller.yaml
-- Up-to-date: /home/athira/Documents/Small_ROS/install/small_ros/share/small_ros//launch
-- Installing: /home/athira/Documents/Small_ROS/install/small_ros/share/small_ros//launch/display.launch.py
-- Up-to-date: /home/athira/Documents/Small_ROS/install/small_ros/share/small_ros//launch/gazebo.launch.py
-- Up-to-date: /home/athira/Documents/Small_ROS/install/small_ros/share/small_ros//meshes
-- Up-to-date: /home/athira/Documents/Small_ROS/install/small_ros/share/small_ros//meshes/base_link.STL
-- Up-to-date: /home/athira/Documents/Small_ROS/install/small_ros/share/small_ros//meshes/Left_BK_Wheel.STL
-- Up-to-date: /home/athira/Documents/Small_ROS/install/small_ros/share/small_ros//meshes/Right_BK_Wheel.STL
-- Up-to-date: /home/athira/Documents/Small_ROS/install/small_ros/share/small_ros//meshes/Left_FR_Wheel.STL
-- Up-to-date: /home/athira/Documents/Small_ROS/install/small_ros/share/small_ros//meshes/Right_FR_Wheel.STL
-- Up-to-date: /home/athira/Documents/Small_ROS/install/small_ros/share/small_ros//urdf
-- Up-to-date: /home/athira/Documents/Small_ROS/install/small_ros/share/small_ros//urdf/Small_ROS.urdf.xacro
-- Up-to-date: /home/athira/Documents/Small_ROS/install/small_ros/share/small_ros//urdf/Small_ROS1.urdf
-- Up-to-date: /home/athira/Documents/Small_ROS/install/small_ros/share/small_ros//urdf/Small_ROS.urdf
-- Up-to-date: /home/athira/Documents/Small_ROS/install/small_ros/share/small_ros//urdf/Small ROS.csv
-- Up-to-date: /home/athira/Documents/Small_ROS/install/small_ros/share/ament_index/resource_index/package_run_dependencies/small_ros
-- Up-to-date: /home/athira/Documents/Small_ROS/install/small_ros/share/ament_index/resource_index/parent_prefix_path/small_ros
-- Up-to-date: /home/athira/Documents/Small_ROS/install/small_ros/share/small_ros/environment/ament_prefix_path.sh
-- Up-to-date: /home/athira/Documents/Small_ROS/install/small_ros/share/small_ros/environment/ament_prefix_path.dsv
-- Up-to-date: /home/athira/Documents/Small_ROS/install/small_ros/share/small_ros/environment/path.sh
-- Up-to-date: /home/athira/Documents/Small_ROS/install/small_ros/share/small_ros/environment/path.dsv
-- Up-to-date: /home/athira/Documents/Small_ROS/install/small_ros/share/small_ros/local_setup.bash
-- Up-to-date: /home/athira/Documents/Small_ROS/install/small_ros/share/small_ros/local_setup.sh
-- Up-to-date: /home/athira/Documents/Small_ROS/install/small_ros/share/small_ros/local_setup.zsh
-- Up-to-date: /home/athira/Documents/Small_ROS/install/small_ros/share/small_ros/local_setup.dsv
-- Installing: /home/athira/Documents/Small_ROS/install/small_ros/share/small_ros/package.dsv
-- Up-to-date: /home/athira/Documents/Small_ROS/install/small_ros/share/ament_index/resource_index/packages/small_ros
-- Up-to-date: /home/athira/Documents/Small_ROS/install/small_ros/share/small_ros/cmake/small_rosConfig.cmake
-- Up-to-date: /home/athira/Documents/Small_ROS/install/small_ros/share/small_ros/cmake/small_rosConfig-version.cmake
-- Up-to-date: /home/athira/Documents/Small_ROS/install/small_ros/share/small_ros/package.xml
