/home/athira/.local/lib/python3.10/site-packages/setuptools/_distutils/dist.py:289: UserWarning: Unknown distribution option: 'tests_require'
  warnings.warn(msg)
running egg_info
creating ../../build/amr_description/amr_description.egg-info
writing ../../build/amr_description/amr_description.egg-info/PKG-INFO
writing dependency_links to ../../build/amr_description/amr_description.egg-info/dependency_links.txt
writing entry points to ../../build/amr_description/amr_description.egg-info/entry_points.txt
writing requirements to ../../build/amr_description/amr_description.egg-info/requires.txt
writing top-level names to ../../build/amr_description/amr_description.egg-info/top_level.txt
writing manifest file '../../build/amr_description/amr_description.egg-info/SOURCES.txt'
adding license file 'LICENSE'
writing manifest file '../../build/amr_description/amr_description.egg-info/SOURCES.txt'
running build
running build_py
creating /home/athira/Documents/ros2_ws/build/amr_description/build/lib/amr_description
copying amr_description/driver.py -> /home/athira/Documents/ros2_ws/build/amr_description/build/lib/amr_description
copying amr_description/odom_pub.py -> /home/athira/Documents/ros2_ws/build/amr_description/build/lib/amr_description
copying amr_description/__init__.py -> /home/athira/Documents/ros2_ws/build/amr_description/build/lib/amr_description
copying amr_description/sensed_object.py -> /home/athira/Documents/ros2_ws/build/amr_description/build/lib/amr_description
copying amr_description/destination.py -> /home/athira/Documents/ros2_ws/build/amr_description/build/lib/amr_description
copying amr_description/controller.py -> /home/athira/Documents/ros2_ws/build/amr_description/build/lib/amr_description
running install
running install_lib
creating /home/athira/Documents/ros2_ws/install/amr_description/lib/python3.10/site-packages/amr_description
copying /home/athira/Documents/ros2_ws/build/amr_description/build/lib/amr_description/driver.py -> /home/athira/Documents/ros2_ws/install/amr_description/lib/python3.10/site-packages/amr_description
copying /home/athira/Documents/ros2_ws/build/amr_description/build/lib/amr_description/odom_pub.py -> /home/athira/Documents/ros2_ws/install/amr_description/lib/python3.10/site-packages/amr_description
copying /home/athira/Documents/ros2_ws/build/amr_description/build/lib/amr_description/__init__.py -> /home/athira/Documents/ros2_ws/install/amr_description/lib/python3.10/site-packages/amr_description
copying /home/athira/Documents/ros2_ws/build/amr_description/build/lib/amr_description/sensed_object.py -> /home/athira/Documents/ros2_ws/install/amr_description/lib/python3.10/site-packages/amr_description
copying /home/athira/Documents/ros2_ws/build/amr_description/build/lib/amr_description/destination.py -> /home/athira/Documents/ros2_ws/install/amr_description/lib/python3.10/site-packages/amr_description
copying /home/athira/Documents/ros2_ws/build/amr_description/build/lib/amr_description/controller.py -> /home/athira/Documents/ros2_ws/install/amr_description/lib/python3.10/site-packages/amr_description
byte-compiling /home/athira/Documents/ros2_ws/install/amr_description/lib/python3.10/site-packages/amr_description/driver.py to driver.cpython-310.pyc
byte-compiling /home/athira/Documents/ros2_ws/install/amr_description/lib/python3.10/site-packages/amr_description/odom_pub.py to odom_pub.cpython-310.pyc
byte-compiling /home/athira/Documents/ros2_ws/install/amr_description/lib/python3.10/site-packages/amr_description/__init__.py to __init__.cpython-310.pyc
byte-compiling /home/athira/Documents/ros2_ws/install/amr_description/lib/python3.10/site-packages/amr_description/sensed_object.py to sensed_object.cpython-310.pyc
byte-compiling /home/athira/Documents/ros2_ws/install/amr_description/lib/python3.10/site-packages/amr_description/destination.py to destination.cpython-310.pyc
byte-compiling /home/athira/Documents/ros2_ws/install/amr_description/lib/python3.10/site-packages/amr_description/controller.py to controller.cpython-310.pyc
running install_data
creating /home/athira/Documents/ros2_ws/install/amr_description/share/ament_index/resource_index/packages
copying resource/amr_description -> /home/athira/Documents/ros2_ws/install/amr_description/share/ament_index/resource_index/packages
copying package.xml -> /home/athira/Documents/ros2_ws/install/amr_description/share/amr_description
creating /home/athira/Documents/ros2_ws/install/amr_description/share/amr_description/launch
copying launch/joy.launch.py -> /home/athira/Documents/ros2_ws/install/amr_description/share/amr_description/launch
copying launch/display.launch.py -> /home/athira/Documents/ros2_ws/install/amr_description/share/amr_description/launch
copying launch/gazebo.launch.py -> /home/athira/Documents/ros2_ws/install/amr_description/share/amr_description/launch
creating /home/athira/Documents/ros2_ws/install/amr_description/share/amr_description/urdf
copying urdf/materials.xacro -> /home/athira/Documents/ros2_ws/install/amr_description/share/amr_description/urdf
copying urdf/amr.xacro.urdf -> /home/athira/Documents/ros2_ws/install/amr_description/share/amr_description/urdf
copying urdf/amr.trans -> /home/athira/Documents/ros2_ws/install/amr_description/share/amr_description/urdf
copying urdf/macros.xacro -> /home/athira/Documents/ros2_ws/install/amr_description/share/amr_description/urdf
copying urdf/amr.gazebo -> /home/athira/Documents/ros2_ws/install/amr_description/share/amr_description/urdf
copying urdf/amr.xacro -> /home/athira/Documents/ros2_ws/install/amr_description/share/amr_description/urdf
creating /home/athira/Documents/ros2_ws/install/amr_description/share/amr_description/meshes
copying meshes/assembly_2_1.stl -> /home/athira/Documents/ros2_ws/install/amr_description/share/amr_description/meshes
copying meshes/wheel_4_1.stl -> /home/athira/Documents/ros2_ws/install/amr_description/share/amr_description/meshes
copying meshes/base_link.stl -> /home/athira/Documents/ros2_ws/install/amr_description/share/amr_description/meshes
copying meshes/wheel_2_1.stl -> /home/athira/Documents/ros2_ws/install/amr_description/share/amr_description/meshes
copying meshes/wheel_1_1.stl -> /home/athira/Documents/ros2_ws/install/amr_description/share/amr_description/meshes
copying meshes/wheel_3_1.stl -> /home/athira/Documents/ros2_ws/install/amr_description/share/amr_description/meshes
copying meshes/lidar_1.stl -> /home/athira/Documents/ros2_ws/install/amr_description/share/amr_description/meshes
copying meshes/assembly_3_1.stl -> /home/athira/Documents/ros2_ws/install/amr_description/share/amr_description/meshes
copying meshes/assembly_1_1.stl -> /home/athira/Documents/ros2_ws/install/amr_description/share/amr_description/meshes
copying meshes/assembly_4_1.stl -> /home/athira/Documents/ros2_ws/install/amr_description/share/amr_description/meshes
creating /home/athira/Documents/ros2_ws/install/amr_description/share/amr_description/config
copying config/joystick.yaml -> /home/athira/Documents/ros2_ws/install/amr_description/share/amr_description/config
copying config/controller.yaml -> /home/athira/Documents/ros2_ws/install/amr_description/share/amr_description/config
running install_egg_info
Copying ../../build/amr_description/amr_description.egg-info to /home/athira/Documents/ros2_ws/install/amr_description/lib/python3.10/site-packages/amr_description-0.0.0-py3.10.egg-info
running install_scripts
Installing controller script to /home/athira/Documents/ros2_ws/install/amr_description/lib/amr_description
writing list of installed files to '/home/athira/Documents/ros2_ws/build/amr_description/install.log'
