[0.021s] Invoking command in '/home/athira/Documents/Small_ROS/build/small_ros': CMAKE_PREFIX_PATH=${CMAKE_PREFIX_PATH}:/home/athira/Documents/mini_nav/install/amr_description:/home/athira/saved/bldc_enc_urdf/install/mcl:/home/athira/TASK1A/install/ur5_control:/home/athira/TASK1A/install/my_py_pkg:/home/athira/TASK1A/install/aruco_detector:/opt/ros/humble /usr/bin/cmake /home/athira/Documents/Small_ROS/src -DCMAKE_INSTALL_PREFIX=/home/athira/Documents/Small_ROS/install/small_ros
[0.110s] -- The C compiler identification is GNU 11.4.0
[0.192s] -- The CXX compiler identification is GNU 11.4.0
[0.204s] -- Detecting C compiler ABI info
[0.300s] -- Detecting C compiler ABI info - done
[0.316s] -- Check for working C compiler: /usr/bin/cc - skipped
[0.316s] -- Detecting C compile features
[0.316s] -- Detecting C compile features - done
[0.321s] -- Detecting CXX compiler ABI info
[0.473s] -- Detecting CXX compiler ABI info - done
[0.487s] -- Check for working CXX compiler: /usr/bin/c++ - skipped
[0.487s] -- Detecting CXX compile features
[0.488s] -- Detecting CXX compile features - done
[0.494s] -- Found ament_cmake: 1.3.12 (/opt/ros/humble/share/ament_cmake/cmake)
[1.119s] -- Found Python3: /usr/bin/python3 (found version "3.10.12") found components: Interpreter 
[1.450s] -- Configuring done
[1.451s] -- Generating done
[1.457s] -- Build files have been written to: /home/athira/Documents/Small_ROS/build/small_ros
[1.466s] Invoked command in '/home/athira/Documents/Small_ROS/build/small_ros' returned '0': CMAKE_PREFIX_PATH=${CMAKE_PREFIX_PATH}:/home/athira/Documents/mini_nav/install/amr_description:/home/athira/saved/bldc_enc_urdf/install/mcl:/home/athira/TASK1A/install/ur5_control:/home/athira/TASK1A/install/my_py_pkg:/home/athira/TASK1A/install/aruco_detector:/opt/ros/humble /usr/bin/cmake /home/athira/Documents/Small_ROS/src -DCMAKE_INSTALL_PREFIX=/home/athira/Documents/Small_ROS/install/small_ros
[1.467s] Invoking command in '/home/athira/Documents/Small_ROS/build/small_ros': CMAKE_PREFIX_PATH=${CMAKE_PREFIX_PATH}:/home/athira/Documents/mini_nav/install/amr_description:/home/athira/saved/bldc_enc_urdf/install/mcl:/home/athira/TASK1A/install/ur5_control:/home/athira/TASK1A/install/my_py_pkg:/home/athira/TASK1A/install/aruco_detector:/opt/ros/humble /usr/bin/cmake --build /home/athira/Documents/Small_ROS/build/small_ros -- -j4 -l4
[1.522s] Invoked command in '/home/athira/Documents/Small_ROS/build/small_ros' returned '0': CMAKE_PREFIX_PATH=${CMAKE_PREFIX_PATH}:/home/athira/Documents/mini_nav/install/amr_description:/home/athira/saved/bldc_enc_urdf/install/mcl:/home/athira/TASK1A/install/ur5_control:/home/athira/TASK1A/install/my_py_pkg:/home/athira/TASK1A/install/aruco_detector:/opt/ros/humble /usr/bin/cmake --build /home/athira/Documents/Small_ROS/build/small_ros -- -j4 -l4
[1.538s] Invoking command in '/home/athira/Documents/Small_ROS/build/small_ros': CMAKE_PREFIX_PATH=${CMAKE_PREFIX_PATH}:/home/athira/Documents/mini_nav/install/amr_description:/home/athira/saved/bldc_enc_urdf/install/mcl:/home/athira/TASK1A/install/ur5_control:/home/athira/TASK1A/install/my_py_pkg:/home/athira/TASK1A/install/aruco_detector:/opt/ros/humble /usr/bin/cmake --install /home/athira/Documents/Small_ROS/build/small_ros
[1.550s] -- Install configuration: ""
[1.550s] -- Installing: /home/athira/Documents/Small_ROS/install/small_ros/share/small_ros//config
[1.551s] -- Installing: /home/athira/Documents/Small_ROS/install/small_ros/share/small_ros//config/joint_names_Small ROS.yaml
[1.551s] -- Installing: /home/athira/Documents/Small_ROS/install/small_ros/share/small_ros//launch
[1.551s] -- Installing: /home/athira/Documents/Small_ROS/install/small_ros/share/small_ros//launch/display.launch.py
[1.551s] -- Installing: /home/athira/Documents/Small_ROS/install/small_ros/share/small_ros//launch/gazebo.launch.py
[1.551s] -- Installing: /home/athira/Documents/Small_ROS/install/small_ros/share/small_ros//meshes
[1.551s] -- Installing: /home/athira/Documents/Small_ROS/install/small_ros/share/small_ros//meshes/base_link.STL
[1.553s] -- Installing: /home/athira/Documents/Small_ROS/install/small_ros/share/small_ros//meshes/Left_BK_Wheel.STL
[1.555s] -- Installing: /home/athira/Documents/Small_ROS/install/small_ros/share/small_ros//meshes/Right_BK_Wheel.STL
[1.555s] -- Installing: /home/athira/Documents/Small_ROS/install/small_ros/share/small_ros//meshes/Left_FR_Wheel.STL
[1.555s] -- Installing: /home/athira/Documents/Small_ROS/install/small_ros/share/small_ros//meshes/Right_FR_Wheel.STL
[1.555s] -- Installing: /home/athira/Documents/Small_ROS/install/small_ros/share/small_ros//urdf
[1.555s] -- Installing: /home/athira/Documents/Small_ROS/install/small_ros/share/small_ros//urdf/Small_ROS.urdf
[1.555s] -- Installing: /home/athira/Documents/Small_ROS/install/small_ros/share/small_ros//urdf/Small ROS.csv
[1.556s] -- Installing: /home/athira/Documents/Small_ROS/install/small_ros/share/ament_index/resource_index/package_run_dependencies/small_ros
[1.556s] -- Installing: /home/athira/Documents/Small_ROS/install/small_ros/share/ament_index/resource_index/parent_prefix_path/small_ros
[1.556s] -- Installing: /home/athira/Documents/Small_ROS/install/small_ros/share/small_ros/environment/ament_prefix_path.sh
[1.556s] -- Installing: /home/athira/Documents/Small_ROS/install/small_ros/share/small_ros/environment/ament_prefix_path.dsv
[1.556s] -- Installing: /home/athira/Documents/Small_ROS/install/small_ros/share/small_ros/environment/path.sh
[1.556s] -- Installing: /home/athira/Documents/Small_ROS/install/small_ros/share/small_ros/environment/path.dsv
[1.557s] -- Installing: /home/athira/Documents/Small_ROS/install/small_ros/share/small_ros/local_setup.bash
[1.557s] -- Installing: /home/athira/Documents/Small_ROS/install/small_ros/share/small_ros/local_setup.sh
[1.557s] -- Installing: /home/athira/Documents/Small_ROS/install/small_ros/share/small_ros/local_setup.zsh
[1.557s] -- Installing: /home/athira/Documents/Small_ROS/install/small_ros/share/small_ros/local_setup.dsv
[1.557s] -- Installing: /home/athira/Documents/Small_ROS/install/small_ros/share/small_ros/package.dsv
[1.558s] -- Installing: /home/athira/Documents/Small_ROS/install/small_ros/share/ament_index/resource_index/packages/small_ros
[1.558s] -- Installing: /home/athira/Documents/Small_ROS/install/small_ros/share/small_ros/cmake/small_rosConfig.cmake
[1.558s] -- Installing: /home/athira/Documents/Small_ROS/install/small_ros/share/small_ros/cmake/small_rosConfig-version.cmake
[1.558s] -- Installing: /home/athira/Documents/Small_ROS/install/small_ros/share/small_ros/package.xml
[1.561s] Invoked command in '/home/athira/Documents/Small_ROS/build/small_ros' returned '0': CMAKE_PREFIX_PATH=${CMAKE_PREFIX_PATH}:/home/athira/Documents/mini_nav/install/amr_description:/home/athira/saved/bldc_enc_urdf/install/mcl:/home/athira/TASK1A/install/ur5_control:/home/athira/TASK1A/install/my_py_pkg:/home/athira/TASK1A/install/aruco_detector:/opt/ros/humble /usr/bin/cmake --install /home/athira/Documents/Small_ROS/build/small_ros
