/home/athira/.local/lib/python3.10/site-packages/setuptools/_distutils/dist.py:289: UserWarning: Unknown distribution option: 'tests_require'
  warnings.warn(msg)
running egg_info
writing ../../build/amr_description/amr_description.egg-info/PKG-INFO
writing dependency_links to ../../build/amr_description/amr_description.egg-info/dependency_links.txt
writing entry points to ../../build/amr_description/amr_description.egg-info/entry_points.txt
writing requirements to ../../build/amr_description/amr_description.egg-info/requires.txt
writing top-level names to ../../build/amr_description/amr_description.egg-info/top_level.txt
[2;36m[08/26/25 15:54:10][0m[2;36m [0m[1;31mERROR   [0m listing git files failed - pretending     ]8;id=288395;file:///home/athira/.local/lib/python3.10/site-packages/setuptools_scm/_file_finders/git.py\[2mgit.py[0m]8;;\[2m:[0m]8;id=379098;file:///home/athira/.local/lib/python3.10/site-packages/setuptools_scm/_file_finders/git.py#26\[2m26[0m]8;;\
[2;36m                    [0m         there aren't any                          [2m         [0m
reading manifest file '../../build/amr_description/amr_description.egg-info/SOURCES.txt'
writing manifest file '../../build/amr_description/amr_description.egg-info/SOURCES.txt'
running build
running build_py
copying amr_description/__init__.py -> /home/athira/Documents/mini_nav/build/amr_description/build/lib/amr_description
copying amr_description/controller.py -> /home/athira/Documents/mini_nav/build/amr_description/build/lib/amr_description
running install
running install_lib
running install_data
copying resource/amr_description -> /home/athira/Documents/mini_nav/install/amr_description/share/ament_index/resource_index/packages
copying package.xml -> /home/athira/Documents/mini_nav/install/amr_description/share/amr_description
creating /home/athira/Documents/mini_nav/install/amr_description/share/amr_description/launch
copying launch/gazebo.launch.py -> /home/athira/Documents/mini_nav/install/amr_description/share/amr_description/launch
creating /home/athira/Documents/mini_nav/install/amr_description/share/amr_description/urdf
copying urdf/amr.xacro.urdf -> /home/athira/Documents/mini_nav/install/amr_description/share/amr_description/urdf
creating /home/athira/Documents/mini_nav/install/amr_description/share/amr_description/meshes
copying meshes/assembly_2_1.stl -> /home/athira/Documents/mini_nav/install/amr_description/share/amr_description/meshes
copying meshes/wheel_4_1.stl -> /home/athira/Documents/mini_nav/install/amr_description/share/amr_description/meshes
copying meshes/base_link.stl -> /home/athira/Documents/mini_nav/install/amr_description/share/amr_description/meshes
copying meshes/wheel_2_1.stl -> /home/athira/Documents/mini_nav/install/amr_description/share/amr_description/meshes
copying meshes/wheel_1_1.stl -> /home/athira/Documents/mini_nav/install/amr_description/share/amr_description/meshes
copying meshes/wheel_3_1.stl -> /home/athira/Documents/mini_nav/install/amr_description/share/amr_description/meshes
copying meshes/lidar_1.stl -> /home/athira/Documents/mini_nav/install/amr_description/share/amr_description/meshes
copying meshes/assembly_3_1.stl -> /home/athira/Documents/mini_nav/install/amr_description/share/amr_description/meshes
copying meshes/assembly_1_1.stl -> /home/athira/Documents/mini_nav/install/amr_description/share/amr_description/meshes
copying meshes/assembly_4_1.stl -> /home/athira/Documents/mini_nav/install/amr_description/share/amr_description/meshes
creating /home/athira/Documents/mini_nav/install/amr_description/share/amr_description/config
copying config/controller.yaml -> /home/athira/Documents/mini_nav/install/amr_description/share/amr_description/config
running install_egg_info
removing '/home/athira/Documents/mini_nav/install/amr_description/lib/python3.10/site-packages/amr_description-0.0.0-py3.10.egg-info' (and everything under it)
Copying ../../build/amr_description/amr_description.egg-info to /home/athira/Documents/mini_nav/install/amr_description/lib/python3.10/site-packages/amr_description-0.0.0-py3.10.egg-info
running install_scripts
Installing controller script to /home/athira/Documents/mini_nav/install/amr_description/lib/amr_description
writing list of installed files to '/home/athira/Documents/mini_nav/build/amr_description/install.log'
