[1.641s] Invoking command in '/home/athira/Documents/mini_nav/src/amr_description': PYTHONPATH=/home/athira/Documents/mini_nav/build/amr_description/prefix_override:/usr/lib/python3/dist-packages/colcon_core/task/python/colcon_distutils_commands:/home/athira/Documents/mini_nav/install/amr_description/lib/python3.10/site-packages:${PYTHONPATH} /usr/bin/python3 -W ignore:setup.py install is deprecated -W ignore:easy_install command is deprecated setup.py egg_info --egg-base ../../build/amr_description build --build-base /home/athira/Documents/mini_nav/build/amr_description/build install --record /home/athira/Documents/mini_nav/build/amr_description/install.log --single-version-externally-managed install_data
[2.170s] running egg_info
[2.199s] writing ../../build/amr_description/amr_description.egg-info/PKG-INFO
[2.200s] writing dependency_links to ../../build/amr_description/amr_description.egg-info/dependency_links.txt
[2.201s] writing entry points to ../../build/amr_description/amr_description.egg-info/entry_points.txt
[2.201s] writing requirements to ../../build/amr_description/amr_description.egg-info/requires.txt
[2.201s] writing top-level names to ../../build/amr_description/amr_description.egg-info/top_level.txt
[2.380s] [2;36m[08/26/25 16:01:59][0m[2;36m [0m[1;31mERROR   [0m listing git files failed - pretending     ]8;id=145069;file:///home/athira/.local/lib/python3.10/site-packages/setuptools_scm/_file_finders/git.py\[2mgit.py[0m]8;;\[2m:[0m]8;id=215601;file:///home/athira/.local/lib/python3.10/site-packages/setuptools_scm/_file_finders/git.py#26\[2m26[0m]8;;\
[2.380s] [2;36m                    [0m         there aren't any                          [2m         [0m
[2.382s] reading manifest file '../../build/amr_description/amr_description.egg-info/SOURCES.txt'
[2.384s] writing manifest file '../../build/amr_description/amr_description.egg-info/SOURCES.txt'
[2.385s] running build
[2.385s] running build_py
[2.386s] copying amr_description/__init__.py -> /home/athira/Documents/mini_nav/build/amr_description/build/lib/amr_description
[2.386s] copying amr_description/controller.py -> /home/athira/Documents/mini_nav/build/amr_description/build/lib/amr_description
[2.387s] running install
[2.393s] running install_lib
[2.430s] running install_data
[2.431s] copying resource/amr_description -> /home/athira/Documents/mini_nav/install/amr_description/share/ament_index/resource_index/packages
[2.431s] copying package.xml -> /home/athira/Documents/mini_nav/install/amr_description/share/amr_description
[2.432s] copying launch/gazebo.launch.py -> /home/athira/Documents/mini_nav/install/amr_description/share/amr_description/launch
[2.432s] copying urdf/materials.xacro -> /home/athira/Documents/mini_nav/install/amr_description/share/amr_description/urdf
[2.433s] copying urdf/amr.xacro.urdf -> /home/athira/Documents/mini_nav/install/amr_description/share/amr_description/urdf
[2.433s] copying urdf/macros.xacro -> /home/athira/Documents/mini_nav/install/amr_description/share/amr_description/urdf
[2.434s] copying urdf/amr.xacro -> /home/athira/Documents/mini_nav/install/amr_description/share/amr_description/urdf
[2.435s] copying meshes/assembly_2_1.stl -> /home/athira/Documents/mini_nav/install/amr_description/share/amr_description/meshes
[2.438s] copying meshes/wheel_4_1.stl -> /home/athira/Documents/mini_nav/install/amr_description/share/amr_description/meshes
[2.439s] copying meshes/base_link.stl -> /home/athira/Documents/mini_nav/install/amr_description/share/amr_description/meshes
[2.442s] copying meshes/wheel_2_1.stl -> /home/athira/Documents/mini_nav/install/amr_description/share/amr_description/meshes
[2.443s] copying meshes/wheel_1_1.stl -> /home/athira/Documents/mini_nav/install/amr_description/share/amr_description/meshes
[2.444s] copying meshes/wheel_3_1.stl -> /home/athira/Documents/mini_nav/install/amr_description/share/amr_description/meshes
[2.445s] copying meshes/lidar_1.stl -> /home/athira/Documents/mini_nav/install/amr_description/share/amr_description/meshes
[2.446s] copying meshes/assembly_3_1.stl -> /home/athira/Documents/mini_nav/install/amr_description/share/amr_description/meshes
[2.447s] copying meshes/assembly_1_1.stl -> /home/athira/Documents/mini_nav/install/amr_description/share/amr_description/meshes
[2.449s] copying meshes/assembly_4_1.stl -> /home/athira/Documents/mini_nav/install/amr_description/share/amr_description/meshes
[2.452s] copying config/controller.yaml -> /home/athira/Documents/mini_nav/install/amr_description/share/amr_description/config
[2.452s] running install_egg_info
[2.488s] removing '/home/athira/Documents/mini_nav/install/amr_description/lib/python3.10/site-packages/amr_description-0.0.0-py3.10.egg-info' (and everything under it)
[2.489s] Copying ../../build/amr_description/amr_description.egg-info to /home/athira/Documents/mini_nav/install/amr_description/lib/python3.10/site-packages/amr_description-0.0.0-py3.10.egg-info
[2.493s] running install_scripts
[2.568s] Installing controller script to /home/athira/Documents/mini_nav/install/amr_description/lib/amr_description
[2.573s] writing list of installed files to '/home/athira/Documents/mini_nav/build/amr_description/install.log'
[2.641s] Invoked command in '/home/athira/Documents/mini_nav/src/amr_description' returned '0': PYTHONPATH=/home/athira/Documents/mini_nav/build/amr_description/prefix_override:/usr/lib/python3/dist-packages/colcon_core/task/python/colcon_distutils_commands:/home/athira/Documents/mini_nav/install/amr_description/lib/python3.10/site-packages:${PYTHONPATH} /usr/bin/python3 -W ignore:setup.py install is deprecated -W ignore:easy_install command is deprecated setup.py egg_info --egg-base ../../build/amr_description build --build-base /home/athira/Documents/mini_nav/build/amr_description/build install --record /home/athira/Documents/mini_nav/build/amr_description/install.log --single-version-externally-managed install_data
