[0.056s] Invoking command in '/home/athira/Documents/Small_ROS/build/small_ros': CMAKE_PREFIX_PATH=${CMAKE_PREFIX_PATH}:/home/athira/Documents/mini_nav/install/amr_description:/home/athira/saved/bldc_enc_urdf/install/mcl:/home/athira/TASK1A/install/ur5_control:/home/athira/TASK1A/install/my_py_pkg:/home/athira/TASK1A/install/aruco_detector:/opt/ros/humble /usr/bin/cmake --build /home/athira/Documents/Small_ROS/build/small_ros -- -j4 -l4
[0.278s] Invoked command in '/home/athira/Documents/Small_ROS/build/small_ros' returned '0': CMAKE_PREFIX_PATH=${CMAKE_PREFIX_PATH}:/home/athira/Documents/mini_nav/install/amr_description:/home/athira/saved/bldc_enc_urdf/install/mcl:/home/athira/TASK1A/install/ur5_control:/home/athira/TASK1A/install/my_py_pkg:/home/athira/TASK1A/install/aruco_detector:/opt/ros/humble /usr/bin/cmake --build /home/athira/Documents/Small_ROS/build/small_ros -- -j4 -l4
[0.294s] Invoking command in '/home/athira/Documents/Small_ROS/build/small_ros': CMAKE_PREFIX_PATH=${CMAKE_PREFIX_PATH}:/home/athira/Documents/mini_nav/install/amr_description:/home/athira/saved/bldc_enc_urdf/install/mcl:/home/athira/TASK1A/install/ur5_control:/home/athira/TASK1A/install/my_py_pkg:/home/athira/TASK1A/install/aruco_detector:/opt/ros/humble /usr/bin/cmake --install /home/athira/Documents/Small_ROS/build/small_ros
[0.308s] -- Install configuration: ""
[0.308s] -- Up-to-date: /home/athira/Documents/Small_ROS/install/small_ros/share/small_ros//config
[0.309s] -- Up-to-date: /home/athira/Documents/Small_ROS/install/small_ros/share/small_ros//config/joint_names_Small ROS.yaml
[0.309s] -- Up-to-date: /home/athira/Documents/Small_ROS/install/small_ros/share/small_ros//launch
[0.309s] -- Up-to-date: /home/athira/Documents/Small_ROS/install/small_ros/share/small_ros//launch/display.launch.py
[0.309s] -- Up-to-date: /home/athira/Documents/Small_ROS/install/small_ros/share/small_ros//launch/gazebo.launch.py
[0.310s] -- Up-to-date: /home/athira/Documents/Small_ROS/install/small_ros/share/small_ros//meshes
[0.310s] -- Up-to-date: /home/athira/Documents/Small_ROS/install/small_ros/share/small_ros//meshes/base_link.STL
[0.310s] -- Installing: /home/athira/Documents/Small_ROS/install/small_ros/share/small_ros//meshes/Left_BK_Wheel.STL
[0.310s] -- Up-to-date: /home/athira/Documents/Small_ROS/install/small_ros/share/small_ros//meshes/Right_BK_Wheel.STL
[0.311s] -- Up-to-date: /home/athira/Documents/Small_ROS/install/small_ros/share/small_ros//meshes/Left_FR_Wheel.STL
[0.311s] -- Up-to-date: /home/athira/Documents/Small_ROS/install/small_ros/share/small_ros//meshes/Right_FR_Wheel.STL
[0.311s] -- Up-to-date: /home/athira/Documents/Small_ROS/install/small_ros/share/small_ros//urdf
[0.311s] -- Up-to-date: /home/athira/Documents/Small_ROS/install/small_ros/share/small_ros//urdf/Small_ROS.urdf
[0.311s] -- Up-to-date: /home/athira/Documents/Small_ROS/install/small_ros/share/small_ros//urdf/Small ROS.csv
[0.311s] -- Up-to-date: /home/athira/Documents/Small_ROS/install/small_ros/share/ament_index/resource_index/package_run_dependencies/small_ros
[0.312s] -- Up-to-date: /home/athira/Documents/Small_ROS/install/small_ros/share/ament_index/resource_index/parent_prefix_path/small_ros
[0.312s] -- Up-to-date: /home/athira/Documents/Small_ROS/install/small_ros/share/small_ros/environment/ament_prefix_path.sh
[0.312s] -- Up-to-date: /home/athira/Documents/Small_ROS/install/small_ros/share/small_ros/environment/ament_prefix_path.dsv
[0.312s] -- Up-to-date: /home/athira/Documents/Small_ROS/install/small_ros/share/small_ros/environment/path.sh
[0.313s] -- Up-to-date: /home/athira/Documents/Small_ROS/install/small_ros/share/small_ros/environment/path.dsv
[0.313s] -- Up-to-date: /home/athira/Documents/Small_ROS/install/small_ros/share/small_ros/local_setup.bash
[0.313s] -- Up-to-date: /home/athira/Documents/Small_ROS/install/small_ros/share/small_ros/local_setup.sh
[0.313s] -- Up-to-date: /home/athira/Documents/Small_ROS/install/small_ros/share/small_ros/local_setup.zsh
[0.313s] -- Up-to-date: /home/athira/Documents/Small_ROS/install/small_ros/share/small_ros/local_setup.dsv
[0.313s] -- Installing: /home/athira/Documents/Small_ROS/install/small_ros/share/small_ros/package.dsv
[0.313s] -- Up-to-date: /home/athira/Documents/Small_ROS/install/small_ros/share/ament_index/resource_index/packages/small_ros
[0.314s] -- Up-to-date: /home/athira/Documents/Small_ROS/install/small_ros/share/small_ros/cmake/small_rosConfig.cmake
[0.314s] -- Up-to-date: /home/athira/Documents/Small_ROS/install/small_ros/share/small_ros/cmake/small_rosConfig-version.cmake
[0.314s] -- Up-to-date: /home/athira/Documents/Small_ROS/install/small_ros/share/small_ros/package.xml
[0.316s] Invoked command in '/home/athira/Documents/Small_ROS/build/small_ros' returned '0': CMAKE_PREFIX_PATH=${CMAKE_PREFIX_PATH}:/home/athira/Documents/mini_nav/install/amr_description:/home/athira/saved/bldc_enc_urdf/install/mcl:/home/athira/TASK1A/install/ur5_control:/home/athira/TASK1A/install/my_py_pkg:/home/athira/TASK1A/install/aruco_detector:/opt/ros/humble /usr/bin/cmake --install /home/athira/Documents/Small_ROS/build/small_ros
