/home/athira/Documents/ros2_ws/install/amr_description/lib/python3.10/site-packages/amr_description/driver.py
/home/athira/Documents/ros2_ws/install/amr_description/lib/python3.10/site-packages/amr_description/odom_pub.py
/home/athira/Documents/ros2_ws/install/amr_description/lib/python3.10/site-packages/amr_description/__init__.py
/home/athira/Documents/ros2_ws/install/amr_description/lib/python3.10/site-packages/amr_description/sensed_object.py
/home/athira/Documents/ros2_ws/install/amr_description/lib/python3.10/site-packages/amr_description/destination.py
/home/athira/Documents/ros2_ws/install/amr_description/lib/python3.10/site-packages/amr_description/controller.py
/home/athira/Documents/ros2_ws/install/amr_description/lib/python3.10/site-packages/amr_description/__pycache__/driver.cpython-310.pyc
/home/athira/Documents/ros2_ws/install/amr_description/lib/python3.10/site-packages/amr_description/__pycache__/odom_pub.cpython-310.pyc
/home/athira/Documents/ros2_ws/install/amr_description/lib/python3.10/site-packages/amr_description/__pycache__/__init__.cpython-310.pyc
/home/athira/Documents/ros2_ws/install/amr_description/lib/python3.10/site-packages/amr_description/__pycache__/sensed_object.cpython-310.pyc
/home/athira/Documents/ros2_ws/install/amr_description/lib/python3.10/site-packages/amr_description/__pycache__/destination.cpython-310.pyc
/home/athira/Documents/ros2_ws/install/amr_description/lib/python3.10/site-packages/amr_description/__pycache__/controller.cpython-310.pyc
/home/athira/Documents/ros2_ws/install/amr_description/share/ament_index/resource_index/packages/amr_description
/home/athira/Documents/ros2_ws/install/amr_description/share/amr_description/package.xml
/home/athira/Documents/ros2_ws/install/amr_description/share/amr_description/launch/joy.launch.py
/home/athira/Documents/ros2_ws/install/amr_description/share/amr_description/launch/display.launch.py
/home/athira/Documents/ros2_ws/install/amr_description/share/amr_description/launch/gazebo.launch.py
/home/athira/Documents/ros2_ws/install/amr_description/share/amr_description/urdf/materials.xacro
/home/athira/Documents/ros2_ws/install/amr_description/share/amr_description/urdf/amr.xacro.urdf
/home/athira/Documents/ros2_ws/install/amr_description/share/amr_description/urdf/amr.trans
/home/athira/Documents/ros2_ws/install/amr_description/share/amr_description/urdf/macros.xacro
/home/athira/Documents/ros2_ws/install/amr_description/share/amr_description/urdf/amr.gazebo
/home/athira/Documents/ros2_ws/install/amr_description/share/amr_description/urdf/amr.xacro
/home/athira/Documents/ros2_ws/install/amr_description/share/amr_description/meshes/assembly_2_1.stl
/home/athira/Documents/ros2_ws/install/amr_description/share/amr_description/meshes/wheel_4_1.stl
/home/athira/Documents/ros2_ws/install/amr_description/share/amr_description/meshes/base_link.stl
/home/athira/Documents/ros2_ws/install/amr_description/share/amr_description/meshes/wheel_2_1.stl
/home/athira/Documents/ros2_ws/install/amr_description/share/amr_description/meshes/wheel_1_1.stl
/home/athira/Documents/ros2_ws/install/amr_description/share/amr_description/meshes/wheel_3_1.stl
/home/athira/Documents/ros2_ws/install/amr_description/share/amr_description/meshes/lidar_1.stl
/home/athira/Documents/ros2_ws/install/amr_description/share/amr_description/meshes/assembly_3_1.stl
/home/athira/Documents/ros2_ws/install/amr_description/share/amr_description/meshes/assembly_1_1.stl
/home/athira/Documents/ros2_ws/install/amr_description/share/amr_description/meshes/assembly_4_1.stl
/home/athira/Documents/ros2_ws/install/amr_description/share/amr_description/config/joystick.yaml
/home/athira/Documents/ros2_ws/install/amr_description/share/amr_description/config/controller.yaml
/home/athira/Documents/ros2_ws/install/amr_description/lib/python3.10/site-packages/amr_description-0.0.0-py3.10.egg-info/dependency_links.txt
/home/athira/Documents/ros2_ws/install/amr_description/lib/python3.10/site-packages/amr_description-0.0.0-py3.10.egg-info/SOURCES.txt
/home/athira/Documents/ros2_ws/install/amr_description/lib/python3.10/site-packages/amr_description-0.0.0-py3.10.egg-info/top_level.txt
/home/athira/Documents/ros2_ws/install/amr_description/lib/python3.10/site-packages/amr_description-0.0.0-py3.10.egg-info/PKG-INFO
/home/athira/Documents/ros2_ws/install/amr_description/lib/python3.10/site-packages/amr_description-0.0.0-py3.10.egg-info/requires.txt
/home/athira/Documents/ros2_ws/install/amr_description/lib/python3.10/site-packages/amr_description-0.0.0-py3.10.egg-info/entry_points.txt
/home/athira/Documents/ros2_ws/install/amr_description/lib/python3.10/site-packages/amr_description-0.0.0-py3.10.egg-info/zip-safe
/home/athira/Documents/ros2_ws/install/amr_description/lib/amr_description/controller
